<?xml version="1.0" encoding="UTF-8"?>
<!-- Generated by org.testng.reporters.JUnitXMLReporter -->
<testsuite ignored="1" hostname="LAPTOP-3CF81NRV" failures="3" tests="12" name="parallel 1" time="76.279" errors="0" timestamp="30 Mar 2021 09:51:23 GMT">
  <testcase classname="nopcommerceadmin.tests.ProductTC" name="getProdDetails" time="1.34"/>
  <testcase classname="nopcommerceadmin.tests.ProductTC" name="getProdDetails" time="2.92"/>
  <testcase classname="nopcommerceadmin.tests.ProductTC" name="getProdDetails" time="2.863"/>
  <testcase classname="nopcommerceadmin.tests.ProductTC" name="getProdDetails" time="2.896"/>
  <testcase classname="nopcommerceadmin.tests.ProductTC" name="getProdDetails" time="1.897"/>
  <testcase classname="nopcommerceadmin.tests.ProductTC" name="getProdDetails" time="1.37"/>
  <testcase classname="nopcommerceadmin.tests.LoginTC" name="loginTest" time="8.62"/>
  <testcase classname="nopcommerceadmin.tests.ProductTC" name="Producttitle" time="0.017">
    <failure type="org.openqa.selenium.NoSuchSessionException" message="Session ID is null. Using WebDriver after calling quit()?
Build info: version: &amp;apos;3.141.59&amp;apos;, revision: &amp;apos;e82be7d358&amp;apos;, time: &amp;apos;2018-11-14T08:17:03&amp;apos;
System info: host: &amp;apos;LAPTOP-3CF81NRV&amp;apos;, ip: &amp;apos;172.29.12.232&amp;apos;, os.name: &amp;apos;Windows 10&amp;apos;, os.arch: &amp;apos;amd64&amp;apos;, os.version: &amp;apos;10.0&amp;apos;, java.version: &amp;apos;14.0.1&amp;apos;
Driver info: driver.version: RemoteWebDriver">
      <![CDATA[org.openqa.selenium.NoSuchSessionException: Session ID is null. Using WebDriver after calling quit()?
Build info: version: '3.141.59', revision: 'e82be7d358', time: '2018-11-14T08:17:03'
System info: host: 'LAPTOP-3CF81NRV', ip: '172.29.12.232', os.name: 'Windows 10', os.arch: 'amd64', os.version: '10.0', java.version: '14.0.1'
Driver info: driver.version: RemoteWebDriver
at org.openqa.selenium.remote.HttpCommandExecutor.execute(HttpCommandExecutor.java:125)
at org.openqa.selenium.remote.service.DriverCommandExecutor.execute(DriverCommandExecutor.java:83)
at org.openqa.selenium.remote.RemoteWebDriver.execute(RemoteWebDriver.java:552)
at org.openqa.selenium.remote.RemoteWebDriver.execute(RemoteWebDriver.java:609)
at org.openqa.selenium.remote.RemoteWebDriver.getTitle(RemoteWebDriver.java:281)
at nopcommerceadmin.pages.Product.getProductTitle(Product.java:18)
at nopcommerceadmin.tests.ProductTC.Producttitle(ProductTC.java:32)
... Removed 25 stack frames]]>
    </failure>
  </testcase> <!-- Producttitle -->
  <testcase classname="nopcommerceadmin.tests.HomeTC" name="verifyHomePageTitle" time="0.012"/>
  <testcase classname="nopcommerceadmin.tests.ProductTC" name="Producttxt" time="0.034"/>
  <testcase classname="nopcommerceadmin.tests.HomeTC" name="verifyHomePage_Logo" time="0.003">
    <failure type="org.openqa.selenium.NoSuchSessionException" message="Session ID is null. Using WebDriver after calling quit()?
Build info: version: &amp;apos;3.141.59&amp;apos;, revision: &amp;apos;e82be7d358&amp;apos;, time: &amp;apos;2018-11-14T08:17:03&amp;apos;
System info: host: &amp;apos;LAPTOP-3CF81NRV&amp;apos;, ip: &amp;apos;172.29.12.232&amp;apos;, os.name: &amp;apos;Windows 10&amp;apos;, os.arch: &amp;apos;amd64&amp;apos;, os.version: &amp;apos;10.0&amp;apos;, java.version: &amp;apos;14.0.1&amp;apos;
Driver info: driver.version: RemoteWebDriver">
      <![CDATA[org.openqa.selenium.NoSuchSessionException: Session ID is null. Using WebDriver after calling quit()?
Build info: version: '3.141.59', revision: 'e82be7d358', time: '2018-11-14T08:17:03'
System info: host: 'LAPTOP-3CF81NRV', ip: '172.29.12.232', os.name: 'Windows 10', os.arch: 'amd64', os.version: '10.0', java.version: '14.0.1'
Driver info: driver.version: RemoteWebDriver
at org.openqa.selenium.remote.HttpCommandExecutor.execute(HttpCommandExecutor.java:125)
at org.openqa.selenium.remote.service.DriverCommandExecutor.execute(DriverCommandExecutor.java:83)
at org.openqa.selenium.remote.RemoteWebDriver.execute(RemoteWebDriver.java:552)
at org.openqa.selenium.remote.RemoteWebDriver.findElement(RemoteWebDriver.java:323)
at org.openqa.selenium.remote.RemoteWebDriver.findElementByXPath(RemoteWebDriver.java:428)
at org.openqa.selenium.By$ByXPath.findElement(By.java:353)
at org.openqa.selenium.remote.RemoteWebDriver.findElement(RemoteWebDriver.java:315)
at org.openqa.selenium.support.pagefactory.DefaultElementLocator.findElement(DefaultElementLocator.java:69)
at org.openqa.selenium.support.pagefactory.internal.LocatingElementHandler.invoke(LocatingElementHandler.java:38)
at com.sun.proxy.$Proxy12.isDisplayed(Unknown Source)
at nopcommerceadmin.pages.Home.verify_HomePage_Logo(Home.java:36)
at nopcommerceadmin.tests.HomeTC.verifyHomePage_Logo(HomeTC.java:38)
... Removed 25 stack frames]]>
    </failure>
  </testcase> <!-- verifyHomePage_Logo -->
  <testcase classname="nopcommerceadmin.tests.HomeTC" name="clickCatalog_Link" time="0.002">
    <failure type="org.openqa.selenium.NoSuchSessionException" message="Session ID is null. Using WebDriver after calling quit()?
Build info: version: &amp;apos;3.141.59&amp;apos;, revision: &amp;apos;e82be7d358&amp;apos;, time: &amp;apos;2018-11-14T08:17:03&amp;apos;
System info: host: &amp;apos;LAPTOP-3CF81NRV&amp;apos;, ip: &amp;apos;172.29.12.232&amp;apos;, os.name: &amp;apos;Windows 10&amp;apos;, os.arch: &amp;apos;amd64&amp;apos;, os.version: &amp;apos;10.0&amp;apos;, java.version: &amp;apos;14.0.1&amp;apos;
Driver info: driver.version: RemoteWebDriver">
      <![CDATA[org.openqa.selenium.NoSuchSessionException: Session ID is null. Using WebDriver after calling quit()?
Build info: version: '3.141.59', revision: 'e82be7d358', time: '2018-11-14T08:17:03'
System info: host: 'LAPTOP-3CF81NRV', ip: '172.29.12.232', os.name: 'Windows 10', os.arch: 'amd64', os.version: '10.0', java.version: '14.0.1'
Driver info: driver.version: RemoteWebDriver
at org.openqa.selenium.remote.HttpCommandExecutor.execute(HttpCommandExecutor.java:125)
at org.openqa.selenium.remote.service.DriverCommandExecutor.execute(DriverCommandExecutor.java:83)
at org.openqa.selenium.remote.RemoteWebDriver.execute(RemoteWebDriver.java:552)
at org.openqa.selenium.remote.RemoteWebDriver.findElement(RemoteWebDriver.java:323)
at org.openqa.selenium.remote.RemoteWebDriver.findElementByXPath(RemoteWebDriver.java:428)
at org.openqa.selenium.By$ByXPath.findElement(By.java:353)
at org.openqa.selenium.remote.RemoteWebDriver.findElement(RemoteWebDriver.java:315)
at org.openqa.selenium.support.pagefactory.DefaultElementLocator.findElement(DefaultElementLocator.java:69)
at org.openqa.selenium.support.pagefactory.internal.LocatingElementHandler.invoke(LocatingElementHandler.java:38)
at com.sun.proxy.$Proxy12.click(Unknown Source)
at nopcommerceadmin.pages.Home.click_Product_under_Catalog(Home.java:41)
at nopcommerceadmin.tests.HomeTC.clickCatalog_Link(HomeTC.java:55)
... Removed 25 stack frames]]>
    </failure>
  </testcase> <!-- clickCatalog_Link -->
  <testcase classname="nopcommerceadmin.tests.HomeTC" name="verifyHomePage_dashBoardtext" time="0.0">
    <ignored/>
  </testcase> <!-- verifyHomePage_dashBoardtext -->
</testsuite> <!-- parallel 1 -->
